<?xml version="1.0" encoding="UTF-8"?>
<!-- Generated by org.testng.reporters.JUnitXMLReporter -->
<testsuite ignored="2" hostname="Home" failures="2" tests="10" name="Test 2 demo" time="0.138" errors="0" timestamp="2022-10-23T19:41:11 IST">
  <testcase classname="test2.tst1" name="smke" time="0.011"/>
  <testcase classname="test2.tst1" name="tstd" time="0.007"/>
  <testcase classname="test2.tst1" name="tstt" time="0.006"/>
  <testcase classname="test2.tst2" name="mtd1" time="0.0">
    <failure type="org.testng.TestNGException" message="
Parameter &amp;apos;GURL&amp;apos; is required by @Test on method mtd1 but has not been marked @Optional or defined
in C:\Users\savitc\eclipse-workspace\TestngProject\testngpackage2.xml">
      <![CDATA[org.testng.TestNGException: 
Parameter 'GURL' is required by @Test on method mtd1 but has not been marked @Optional or defined
in C:\Users\savitc\eclipse-workspace\TestngProject\testngpackage2.xml
at java.base/java.util.ArrayList.forEach(ArrayList.java:1511)
... Removed 26 stack frames]]>
    </failure>
  </testcase> <!-- mtd1 -->
  <testcase classname="test2.tst2" name="smke" time="0.001"/>
  <testcase classname="test2.tst2" name="dm2" time="0.0">
    <skipped/>
  </testcase> <!-- dm2 -->
  <testcase classname="test2.tst2" name="mtd2" time="0.0">
    <skipped/>
  </testcase> <!-- mtd2 -->
  <testcase classname="test2.tst3" name="classlevel" time="0.001"/>
  <testcase classname="test2.tst3" name="classlevel1" time="0.0">
    <failure type="org.testng.TestNGException" message="
Parameter &amp;apos;AURL&amp;apos; is required by @Test on method classlevel1 but has not been marked @Optional or defined
in C:\Users\savitc\eclipse-workspace\TestngProject\testngpackage2.xml">
      <![CDATA[org.testng.TestNGException: 
Parameter 'AURL' is required by @Test on method classlevel1 but has not been marked @Optional or defined
in C:\Users\savitc\eclipse-workspace\TestngProject\testngpackage2.xml
at java.base/java.util.ArrayList.forEach(ArrayList.java:1511)
... Removed 26 stack frames]]>
    </failure>
  </testcase> <!-- classlevel1 -->
  <testcase classname="test2.tst3" name="smke" time="0.002"/>
  <testcase classname="test2.tst3" name="cls" time="0.0">
    <ignored/>
  </testcase> <!-- cls -->
  <testcase classname="test2.tst2" name="mtd3" time="0.0">
    <ignored/>
  </testcase> <!-- mtd3 -->
</testsuite> <!-- Test 2 demo -->
