<?xml version="1.0" encoding="UTF-8"?>
<!-- Generated by org.testng.reporters.JUnitXMLReporter -->
<testsuite ignored="1" hostname="Home" failures="3" tests="15" name="Testng.Demo2.Demo2" time="0.204" errors="0" timestamp="2022-10-23T19:55:00 IST">
  <testcase classname="Test.demo1" name="d1" time="0.008"/>
  <testcase classname="Test.demo1" name="d2" time="0.0">
    <failure type="org.testng.TestNGException" message="
Parameter &amp;apos;URL&amp;apos; is required by @Test on method d2 but has not been marked @Optional or defined
in C:\Users\savitc\eclipse-workspace\TestngProject\testngpackage.xml">
      <![CDATA[org.testng.TestNGException: 
Parameter 'URL' is required by @Test on method d2 but has not been marked @Optional or defined
in C:\Users\savitc\eclipse-workspace\TestngProject\testngpackage.xml
at java.base/java.util.ArrayList.forEach(ArrayList.java:1511)
... Removed 26 stack frames]]>
    </failure>
  </testcase> <!-- d2 -->
  <testcase classname="Test.demo2" name="dm2" time="0.003"/>
  <testcase classname="Test.demo2" name="dm3" time="0.002"/>
  <testcase classname="Test.demo3" name="car" time="0.0">
    <failure type="org.testng.TestNGException" message="
Parameter &amp;apos;URLname&amp;apos; is required by @Test on method car but has not been marked @Optional or defined
in C:\Users\savitc\eclipse-workspace\TestngProject\testngpackage.xml">
      <![CDATA[org.testng.TestNGException: 
Parameter 'URLname' is required by @Test on method car but has not been marked @Optional or defined
in C:\Users\savitc\eclipse-workspace\TestngProject\testngpackage.xml
at java.base/java.util.ArrayList.forEach(ArrayList.java:1511)
... Removed 26 stack frames]]>
    </failure>
  </testcase> <!-- car -->
  <testcase classname="Test.demo3" name="credit" time="0.0">
    <failure type="org.testng.TestNGException" message="
Parameter &amp;apos;URL&amp;apos; is required by @Test on method credit but has not been marked @Optional or defined
in C:\Users\savitc\eclipse-workspace\TestngProject\testngpackage.xml">
      <![CDATA[org.testng.TestNGException: 
Parameter 'URL' is required by @Test on method credit but has not been marked @Optional or defined
in C:\Users\savitc\eclipse-workspace\TestngProject\testngpackage.xml
at java.base/java.util.ArrayList.forEach(ArrayList.java:1511)
... Removed 26 stack frames]]>
    </failure>
  </testcase> <!-- credit -->
  <testcase classname="Test.demo3" name="home" time="0.006"/>
  <testcase classname="Test.demo4" name="colorsKannada" time="0.006"/>
  <testcase classname="Test.demo4" name="starSuvarna" time="0.009"/>
  <testcase classname="Test.demo4" name="udaya" time="0.001"/>
  <testcase classname="Test.demo5" name="radha" time="0.002"/>
  <testcase classname="Test.demo6" name="krishnaSathyabhama" time="0.001"/>
  <testcase classname="Test.demo6" name="welcome" time="0.001"/>
  <testcase classname="Test.demo6" name="krishnaRukmini" time="0.001"/>
  <testcase classname="Test.demo6" name="SrinivaPadhmavathi" time="0.001"/>
  <testcase classname="Test.demo5" name="krishna" time="0.0">
    <ignored/>
  </testcase> <!-- krishna -->
</testsuite> <!-- Testng.Demo2.Demo2 -->
